<?xml version="1.0" encoding="UTF-8"?>
<!-- Generated by org.testng.reporters.JUnitReportReporter -->
<testsuite hostname="Abhinaya" failures="0" tests="1" name="demo.Assignmentmvn" time="10.626" errors="0" timestamp="2024-07-31T15:10:12 IST" skipped="0">
  <testcase classname="demo.Assignmentmvn" name="demoSkill" time="10.626"/>
  <system-out>
    <![CDATA[https://demowebshop.tricentis.com/
abhis@1234
abhis1234@gmail.com
home page is displayed]]>
  </system-out>
</testsuite> <!-- demo.Assignmentmvn -->
