<?xml version="1.0" encoding="UTF-8"?>
<!-- Generated by org.testng.reporters.JUnitReportReporter -->
<testsuite hostname="Abhinaya" failures="0" tests="1" name="cars.HyundaiTest" time="2.506" errors="0" timestamp="2024-07-29T13:03:00 IST" skipped="0">
  <testcase classname="cars.HyundaiTest" name="launch" time="2.506"/>
  <system-out>
    <![CDATA[hyundai test passed]]>
  </system-out>
</testsuite> <!-- cars.HyundaiTest -->
