<?xml version="1.0" encoding="UTF-8"?>
<!-- Generated by org.testng.reporters.JUnitReportReporter -->
<testsuite hostname="Abhinaya" failures="0" tests="1" name="cars.TataTest" time="4.096" errors="0" timestamp="2024-07-29T13:03:00 IST" skipped="0">
  <testcase classname="cars.TataTest" name="launch" time="4.096"/>
  <system-out>
    <![CDATA[tata test passed]]>
  </system-out>
</testsuite> <!-- cars.TataTest -->
