<?xml version="1.0" encoding="UTF-8"?>
<!-- Generated by org.testng.reporters.JUnitReportReporter -->
<testsuite hostname="Abhinaya" failures="0" tests="1" name="extentReports.ToAddScreenshotIntoReport" time="7.068" errors="0" timestamp="2024-08-10T11:00:05 IST" skipped="0">
  <testcase classname="extentReports.ToAddScreenshotIntoReport" name="addScreenshot" time="7.068"/>
  <system-out/>
</testsuite> <!-- extentReports.ToAddScreenshotIntoReport -->
