<?xml version="1.0" encoding="UTF-8"?>
<!-- Generated by org.testng.reporters.JUnitReportReporter -->
<testsuite hostname="Abhinaya" failures="0" tests="1" name="demo.Sample" time="0.023" errors="0" timestamp="2024-07-31T15:02:19 IST" skipped="0">
  <testcase classname="demo.Sample" name="demo" time="0.023"/>
  <system-out>
    <![CDATA[sample class executed]]>
  </system-out>
</testsuite> <!-- demo.Sample -->
